<?xml version="1.0" encoding="UTF-8"?>
<!-- Generated by org.testng.reporters.JUnitXMLReporter -->
<testsuite hostname="SGLPC3HW633" name="Default test" tests="5" failures="0" timestamp="28 Jun 2021 05:34:48 GMT" time="8.98" errors="0">
  <testcase name="scenario" time="6.631" classname="com.singtel.todo.runner.CucumberTestRunner"/>
  <testcase name="scenario" time="0.252" classname="com.singtel.todo.runner.CucumberTestRunner"/>
  <testcase name="scenario" time="0.271" classname="com.singtel.todo.runner.CucumberTestRunner"/>
  <testcase name="scenario" time="0.435" classname="com.singtel.todo.runner.CucumberTestRunner"/>
  <testcase name="scenario" time="0.283" classname="com.singtel.todo.runner.CucumberTestRunner"/>
</testsuite> <!-- Default test -->
