<?xml version="1.0" encoding="UTF-8"?>
<testng-results skipped="0" failed="0" total="5" passed="5">
  <reporter-output>
  </reporter-output>
  <suite name="Default suite" duration-ms="8980" started-at="2021-06-28T05:34:39Z" finished-at="2021-06-28T05:34:48Z">
    <groups>
      <group name="cucumber">
        <method signature="CucumberTestRunner.scenario(io.cucumber.testng.PickleWrapper, io.cucumber.testng.FeatureWrapper)[pri:0, instance:com.singtel.todo.runner.CucumberTestRunner@1168fa9]" name="scenario" class="com.singtel.todo.runner.CucumberTestRunner"/>
      </group> <!-- cucumber -->
    </groups>
    <test name="Default test" duration-ms="8980" started-at="2021-06-28T05:34:39Z" finished-at="2021-06-28T05:34:48Z">
      <class name="com.singtel.todo.runner.CucumberTestRunner">
        <test-method status="PASS" signature="setupEnvironment()[pri:0, instance:com.singtel.todo.runner.CucumberTestRunner@1168fa9]" name="setupEnvironment" is-config="true" duration-ms="16" started-at="2021-06-28T13:34:39Z" finished-at="2021-06-28T13:34:39Z">
          <reporter-output>
          </reporter-output>
        </test-method> <!-- setupEnvironment -->
        <test-method status="PASS" signature="setUpClass()[pri:0, instance:com.singtel.todo.runner.CucumberTestRunner@1168fa9]" name="setUpClass" is-config="true" duration-ms="883" started-at="2021-06-28T13:34:39Z" finished-at="2021-06-28T13:34:39Z">
          <reporter-output>
          </reporter-output>
        </test-method> <!-- setUpClass -->
        <test-method status="PASS" signature="scenario(io.cucumber.testng.PickleWrapper, io.cucumber.testng.FeatureWrapper)[pri:0, instance:com.singtel.todo.runner.CucumberTestRunner@1168fa9]" name="scenario" duration-ms="6631" started-at="2021-06-28T13:34:39Z" description="Runs Cucumber Scenarios" data-provider="scenarios" finished-at="2021-06-28T13:34:46Z">
          <params>
            <param index="0">
              <value>
                <![CDATA["Add a Todo task to the list"]]>
              </value>
            </param>
            <param index="1">
              <value>
                <![CDATA["Optional[Verify all the scenarios related for Manage Todo list as a MVC user]"]]>
              </value>
            </param>
          </params>
          <reporter-output>
          </reporter-output>
        </test-method> <!-- scenario -->
        <test-method status="PASS" signature="scenario(io.cucumber.testng.PickleWrapper, io.cucumber.testng.FeatureWrapper)[pri:0, instance:com.singtel.todo.runner.CucumberTestRunner@1168fa9]" name="scenario" duration-ms="252" started-at="2021-06-28T13:34:46Z" description="Runs Cucumber Scenarios" data-provider="scenarios" finished-at="2021-06-28T13:34:46Z">
          <params>
            <param index="0">
              <value>
                <![CDATA["Newly added task to be present under active filter"]]>
              </value>
            </param>
            <param index="1">
              <value>
                <![CDATA["Optional[Verify all the scenarios related for Manage Todo list as a MVC user]"]]>
              </value>
            </param>
          </params>
          <reporter-output>
          </reporter-output>
        </test-method> <!-- scenario -->
        <test-method status="PASS" signature="scenario(io.cucumber.testng.PickleWrapper, io.cucumber.testng.FeatureWrapper)[pri:0, instance:com.singtel.todo.runner.CucumberTestRunner@1168fa9]" name="scenario" duration-ms="271" started-at="2021-06-28T13:34:46Z" description="Runs Cucumber Scenarios" data-provider="scenarios" finished-at="2021-06-28T13:34:47Z">
          <params>
            <param index="0">
              <value>
                <![CDATA["Complete the added task in the Todo list"]]>
              </value>
            </param>
            <param index="1">
              <value>
                <![CDATA["Optional[Verify all the scenarios related for Manage Todo list as a MVC user]"]]>
              </value>
            </param>
          </params>
          <reporter-output>
          </reporter-output>
        </test-method> <!-- scenario -->
        <test-method status="PASS" signature="scenario(io.cucumber.testng.PickleWrapper, io.cucumber.testng.FeatureWrapper)[pri:0, instance:com.singtel.todo.runner.CucumberTestRunner@1168fa9]" name="scenario" duration-ms="435" started-at="2021-06-28T13:34:47Z" description="Runs Cucumber Scenarios" data-provider="scenarios" finished-at="2021-06-28T13:34:47Z">
          <params>
            <param index="0">
              <value>
                <![CDATA["Clear only completed task"]]>
              </value>
            </param>
            <param index="1">
              <value>
                <![CDATA["Optional[Verify all the scenarios related for Manage Todo list as a MVC user]"]]>
              </value>
            </param>
          </params>
          <reporter-output>
          </reporter-output>
        </test-method> <!-- scenario -->
        <test-method status="PASS" signature="scenario(io.cucumber.testng.PickleWrapper, io.cucumber.testng.FeatureWrapper)[pri:0, instance:com.singtel.todo.runner.CucumberTestRunner@1168fa9]" name="scenario" duration-ms="283" started-at="2021-06-28T13:34:47Z" description="Runs Cucumber Scenarios" data-provider="scenarios" finished-at="2021-06-28T13:34:47Z">
          <params>
            <param index="0">
              <value>
                <![CDATA["Item count should be updated correctly"]]>
              </value>
            </param>
            <param index="1">
              <value>
                <![CDATA["Optional[Verify all the scenarios related for Manage Todo list as a MVC user]"]]>
              </value>
            </param>
          </params>
          <reporter-output>
          </reporter-output>
        </test-method> <!-- scenario -->
        <test-method status="PASS" signature="tearDownClass()[pri:0, instance:com.singtel.todo.runner.CucumberTestRunner@1168fa9]" name="tearDownClass" is-config="true" duration-ms="41" started-at="2021-06-28T13:34:47Z" finished-at="2021-06-28T13:34:47Z">
          <reporter-output>
          </reporter-output>
        </test-method> <!-- tearDownClass -->
        <test-method status="PASS" signature="tearDown()[pri:0, instance:com.singtel.todo.runner.CucumberTestRunner@1168fa9]" name="tearDown" is-config="true" duration-ms="143" started-at="2021-06-28T13:34:47Z" finished-at="2021-06-28T13:34:48Z">
          <reporter-output>
          </reporter-output>
        </test-method> <!-- tearDown -->
      </class> <!-- com.singtel.todo.runner.CucumberTestRunner -->
    </test> <!-- Default test -->
  </suite> <!-- Default suite -->
</testng-results>
